<?xml version="1.0" encoding="UTF-8"?>
<!-- Application context definition for PetClinic on JDBC. -->
<beans xmlns="http://www.springframework.org/schema/beans"
       xmlns:xsi="http://www.w3.org/2001/XMLSchema-instance" xmlns:aop="http://www.springframework.org/schema/aop"
       xmlns:context="http://www.springframework.org/schema/context" xmlns:tx="http://www.springframework.org/schema/tx"
       xsi:schemaLocation="http://www.springframework.org/schema/beans http://www.springframework.org/schema/beans/spring-beans-3.0.xsd
		http://www.springframework.org/schema/aop http://www.springframework.org/schema/aop/spring-aop-3.0.xsd
		http://www.springframework.org/schema/context http://www.springframework.org/schema/context/spring-context-3.0.xsd
		http://www.springframework.org/schema/tx http://www.springframework.org/schema/tx/spring-tx-3.0.xsd">
    <bean id="dataSource" class="org.apache.commons.dbcp.BasicDataSource" destroy-method="close">
        <property name="driverClassName" value="com.mysql.jdbc.Driver"/>
        <property name="url" value="jdbc:mysql://localhost:3306/spring"/>
        <property name="username" value="root"/>
        <property name="password" value="root"/>
        <property name="initialSize" value="2"/>
        <property name="maxActive" value="100"/>
        <property name="maxIdle" value="2"/>
        <property name="minIdle" value="1"/>
    </bean>

    <bean id="sqlSessionFactory" class="org.mybatis.spring.SqlSessionFactoryBean">
        <property name="configLocation" value="classpath:mybatis/mybatis-spring.xml"/>
        <property name="dataSource" ref="dataSource"/>
        <property name="mapperLocations" value="classpath:mybatis/mapper/*"/>
    </bean>

    <!--    <bean id="userMapper" class="org.mybatis.spring.mapper.MapperFactoryBean">
            <property name="mapperInterface" value="com.matas.mybaits.mapper.UserMapper"/>
            <property name="sqlSessionFactory" ref="sqlSessionFactory"/>
        </bean>-->

    <bean class="org.springframework.beans.factory.config.PropertyPlaceholderConfigurer">
        <property name="locations">
              <list>
                    <value>classpath:mybatis/scan.properties</value>
              </list>
        </property>
    </bean>

    <bean class="org.mybatis.spring.mapper.MapperScannerConfigurer">
        <property name="basePackage" value="${basePackage}"/>
        <property name="processPropertyPlaceHolders" value="true"/>
    </bean>
</beans>
