<?xml version="1.0" encoding="UTF-8"?>
<!-- Application context definition for PetClinic on JDBC. -->
<beans xmlns="http://www.springframework.org/schema/beans"
       xmlns:xsi="http://www.w3.org/2001/XMLSchema-instance" xmlns:aop="http://www.springframework.org/schema/aop"
       xmlns:context="http://www.springframework.org/schema/context" xmlns:tx="http://www.springframework.org/schema/tx"
       xsi:schemaLocation="http://www.springframework.org/schema/beans http://www.springframework.org/schema/beans/spring-beans-3.0.xsd
		http://www.springframework.org/schema/aop http://www.springframework.org/schema/aop/spring-aop-3.0.xsd
		http://www.springframework.org/schema/context http://www.springframework.org/schema/context/spring-context-3.0.xsd
		http://www.springframework.org/schema/tx http://www.springframework.org/schema/tx/spring-tx-3.0.xsd">

    <tx:annotation-driven transaction-manager="transactionManager"/>

    <bean id="transactionManager" class="org.springframework.jdbc.datasource.DataSourceTransactionManager">
        <property name="dataSource" ref="dataSource"/>
    </bean>

    <bean id="dataSource" class="org.apache.commons.dbcp.BasicDataSource" destroy-method="close">
        <property name="driverClassName" value="com.mysql.jdbc.Driver"/>
        <property name="url" value="jdbc:mysql://localhost:3306/spring"/>
        <property name="username" value="root"/>
        <property name="password" value="root"/>
        <property name="initialSize" value="2"/>
        <property name="maxActive" value="100"/>
        <property name="maxIdle" value="2"/>
        <property name="minIdle" value="1"/>
    </bean>

    <bean id="userService" class="com.matas.transaction.UserServiceImpl">
        <property name="dataSource" ref="dataSource"/>
    </bean>

    <bean id="oper1" class="com.matas.transaction.nested.Oper1">
        <property name="dataSource" ref="dataSource"/>
    </bean>

    <bean id="oper2" class="com.matas.transaction.nested.Oper2">
        <property name="dataSource" ref="dataSource"/>
    </bean>

    <bean id="nestedService" class="com.matas.transaction.nested.NestedServiceImpl">
        <property name="dataSource" ref="dataSource"/>
        <property name="oper1" ref="oper1"/>
        <property name="oper2" ref="oper2"/>
    </bean>
</beans>
