<?xml version="1.0" encoding="UTF-8"?>
<!-- Application context definition for PetClinic on JDBC. -->
<beans xmlns="http://www.springframework.org/schema/beans"
       xmlns:p="http://www.springframework.org/schema/p"
       xmlns:xsi="http://www.w3.org/2001/XMLSchema-instance" xmlns:aop="http://www.springframework.org/schema/aop"
       xmlns:context="http://www.springframework.org/schema/context" xmlns:tx="http://www.springframework.org/schema/tx"
       xsi:schemaLocation="http://www.springframework.org/schema/beans http://www.springframework.org/schema/beans/spring-beans-3.0.xsd
		http://www.springframework.org/schema/aop http://www.springframework.org/schema/aop/spring-aop-3.0.xsd
		http://www.springframework.org/schema/context http://www.springframework.org/schema/context/spring-context-3.0.xsd
		http://www.springframework.org/schema/tx http://www.springframework.org/schema/tx/spring-tx-3.0.xsd">

    <bean id="testAdvice" class="com.matas.aop.xml.TestAdvice"/>
    <bean id="testAdvice2" class="com.matas.aop.xml.TestAdvice2"/>

    <bean id="testAdvisor" class="com.matas.aop.xml.TestAdvisor">
        <property name="advice" ref="testAdvice"/>
    </bean>

    <bean id="testAdvisor2" class="com.matas.aop.xml.TestAdvisor2">
        <property name="advice" ref="testAdvice2"/>
    </bean>

    <bean id="sayHelloBean" class="com.matas.aop.SayHelloBean"/>

    <bean id="otherHelloBean" class="com.matas.aop.OtherSayHelloBean"/>

    <bean
            id="testAop"
            class="org.springframework.aop.framework.ProxyFactoryBean"
            p:interceptorNames="testAdvisor,testAdvisor2"
            p:targetName="sayHelloBean"
            p:frozen="false"
    />


    <bean id="hotSwappableTargetSource" class="org.springframework.aop.target.HotSwappableTargetSource">
        <constructor-arg>
            <ref bean="sayHelloBean"></ref>
        </constructor-arg>
    </bean>

    <bean
            id="testHotSwap"
            class="org.springframework.aop.framework.ProxyFactoryBean"
            p:interceptorNames="testAdvisor"
            p:targetSource-ref="hotSwappableTargetSource"
            p:frozen="false"
    />
</beans>
