<?xml version="1.0" encoding="UTF-8"?>
<!-- Application context definition for PetClinic on JDBC. -->
<beans xmlns="http://www.springframework.org/schema/beans"
       xmlns:p="http://www.springframework.org/schema/p"
       xmlns:xsi="http://www.w3.org/2001/XMLSchema-instance" xmlns:aop="http://www.springframework.org/schema/aop"
       xmlns:context="http://www.springframework.org/schema/context" xmlns:tx="http://www.springframework.org/schema/tx"
       xsi:schemaLocation="http://www.springframework.org/schema/beans http://www.springframework.org/schema/beans/spring-beans-3.0.xsd
		http://www.springframework.org/schema/aop http://www.springframework.org/schema/aop/spring-aop-3.0.xsd
		http://www.springframework.org/schema/context http://www.springframework.org/schema/context/spring-context-3.0.xsd
		http://www.springframework.org/schema/tx http://www.springframework.org/schema/tx/spring-tx-3.0.xsd">

    <bean id="testAdvice" class="com.matas.aop.xml.TestAdvice"/>
    <bean id="testAdvice2" class="com.matas.aop.xml.TestAdvice2"/>

    <bean id="sayHelloBean" class="com.matas.aop.SayHelloBean"/>

    <bean id="testAdvisor" class="com.matas.aop.xml.TestAdvisor">
        <property name="advice" ref="testAdvice2"/>
    </bean>

    <bean class="org.springframework.aop.framework.autoproxy.BeanNameAutoProxyCreator"
          p:beanNames="*HelloBean" p:interceptorNames="testAdvice" p:optimize="false"
    />

    <bean class="org.springframework.aop.framework.autoproxy.DefaultAdvisorAutoProxyCreator"/>

</beans>
